fatal: [testserver]: FAILED! => {"changed": false, "cmd": "/home/vagrant/ansible_test/venv/bin/pip install django", "msg": "stdout: Downloading/unpacking django\nDownloading/unpacking backports.zoneinfo (from django)\n  Running setup.py (path:/home/vagrant/ansible_test/venv/build/backports.zoneinfo/setup.py) egg_info for package backports.zoneinfo\n    \n    warning: no files found matching '*.png' under directory 'docs'\n    warning: no files found matching '*.svg' under directory 'docs'\n    no previously-included directories found matching 'docs/_build'\n    no previously-included directories found matching 'docs/_output'\nDownloading/unpacking asgiref>=3.4.1,<4 (from django)\n  Downloading asgiref-3.5.2-py3-none-any.whl\nDownloading/unpacking sqlparse>=0.2.2 (from django)\nDownloading/unpacking typing-extensions (from asgiref>=3.4.1,<4->django)\n  Downloading typing_extensions-4.2.0-py3-none-any.whl\nInstalling collected packages: django, backports.zoneinfo, asgiref, sqlparse, typing-extensions\n*** Error compiling '/home/vagrant/ansible_test/venv/build/django/django/conf/__init__.py'...\n  File \"/home/vagrant/ansible_test/venv/build/django/django/conf/__init__.py\", line 277\n    for s in [*self.__dict__, *dir(self.default_settings)]\n                         ^\nSyntaxError: can use starred expression only as assignment target\n\n*** Error compiling '/home/vagrant/ansible_test/venv/build/django/django/contrib/admin/actions.py'...\n  File \"/home/vagrant/ansible_test/venv/build/django/django/contrib/admin/actions.py\", line 69\n    **modeladmin.admin_site.each_context(request),\n     ^\nSyntaxError: invalid syntax\n\n*** Error compiling '/home/vagrant/ansible_test/venv/build/django/django/contrib/admin/checks.py'...\n  File \"/home/vagrant/ansible_test/venv/build/django/django/contrib/admin/checks.py\", line 179\n    *self._check_autocomplete_fields(admin_obj),\n               ^\nSyntaxError: can use starred expression only as assignment target\n\n*** Error compiling '/home/vagrant/ansible_test/venv/build/django/django/contrib/admin/filters.py'...\n  File \"/home/vagrant/ansible_test/venv/build/django/django/contrib/admin/filters.py\", line 526\n    lookup_conditions.append((f\"{self.field_path}__isnull\", True))\n                                                         ^\nSyntaxError: invalid syntax\n\n*** Error compiling '/home/vagrant/ansible_test/venv/build/django/django/contrib/admin/forms.py'...\n  File \"/home/vagrant/ansible_test/venv/build/django/django/contrib/admin/forms.py\", line 12\n    **AuthenticationForm.error_messages,\n     ^\nSyntaxError: invalid syntax\n\n*** Error compiling '/home/vagrant/ansible_test/venv/build/django/django/contrib/admin/helpers.py'...\n  File \"/home/vagrant/ansible_test/venv/build/django/django/contrib/admin/helpers.py\", line 63\n    f\"<{self.__class__.__qualname__}: \"\n                                      ^\nSyntaxError: invalid syntax\n\n*** Error compiling '/home/vagrant/ansible_test/venv/build/django/django/contrib/admin/options.py'...\n  File \"/home/vagrant/ansible_test/venv/build/django/django/contrib/admin/options.py\", line 168\n    kwargs = {**self.formfield_overrides[db_field.__class__], **kwargs}\n               ^\nSyntaxError: invalid syntax\n\n*** Error compiling '/home/vagrant/ansible_test/venv/build/django/django/contrib/admin/sites.py'...\n  File \"/home/vagrant/ansible_test/venv/build/django/django/contrib/admin/sites.py\", line 80\n    return f\"{self.__class__.__name__}(name={self.name!r})\"\n                                                          ^\nSyntaxError: invalid syntax\n\n*** Error compiling '/home/vagrant/ansible_test/venv/build/django/django/contrib/admin/views/main.py'...\n  File \"/home/vagrant/ansible_test/venv/build/django/django/contrib/admin/views/main.py\", line 432\n    *self.lookup_opts.unique_together,\n                   ^\nSyntaxError: can use starred expression only as assignment target\n\n*** Error compiling '/home/vagrant/ansible_test/venv/build/django/django/contrib/admin/widgets.py'...\n  File \"/home/vagrant/ansible_test/venv/build/django/django/contrib/admin/widgets.py\", line 59\n    attrs = {\"class\": \"vDateField\", \"size\": \"10\", **(attrs or {})}\n                                                   ^\nSyntaxError: invalid syntax\n\n*** Error compiling '/home/vagrant/ansible_test/venv/build/django/django/contrib/admindocs/utils.py'...\n  File \"/home/vagrant/ansible_test/venv/build/django/django/contrib/admindocs/utils.py\", line 25\n    return f\"{klass.__module__}.{klass.__qualname__}\"\n                                                    ^\nSyntaxError: invalid syntax\n\n*** Error compiling '/home/vagrant/ansible_test/venv/build/django/django/contrib/admindocs/views.py'...\n  File \"/home/vagrant/ansible_test/venv/build/django/django/contrib/admindocs/views.py\", line 50\n    **kwargs,\n     ^\nSyntaxError: invalid syntax\n\n*** Error compiling '/home/vagrant/ansible_test/venv/build/django/django/contrib/auth/admin.py'...\n  File \"/home/vagrant/ansible_test/venv/build/django/django/contrib/auth/admin.py\", line 204\n    **self.admin_site.each_context(request),\n     ^\nSyntaxError: invalid syntax\n\n*** Error compiling '/home/vagrant/ansible_test/venv/build/django/django/contrib/auth/backends.py'...\n  File \"/home/vagrant/ansible_test/venv/build/django/django/contrib/auth/backends.py\", line 23\n    *self.get_user_permissions(user_obj, obj=obj),\n    ^\nSyntaxError: invalid syntax\n\n*** Error compiling '/home/vagrant/ansible_test/venv/build/django/django/contrib/auth/context_processors.py'...\n  File \"/home/vagrant/ansible_test/venv/build/django/django/contrib/auth/context_processors.py\", line 29\n    return f\"{self.__class__.__qualname__}({self.user!r})\"\n                                                         ^\nSyntaxError: invalid syntax\n\n*** Error compiling '/home/vagrant/ansible_test/venv/build/django/django/contrib/auth/forms.py'...\n  File \"/home/vagrant/ansible_test/venv/build/django/django/contrib/auth/forms.py\", line 78\n    **super().widget_attrs(widget),\n     ^\nSyntaxError: invalid syntax\n\n*** Error compiling '/home/vagrant/ansible_test/venv/build/django/django/contrib/auth/management/__init__.py'...\n  File \"/home/vagrant/ansible_test/venv/build/django/django/contrib/auth/management/__init__.py\", line 43\n    **kwargs,\n            ^\nSyntaxError: invalid syntax\n\n*** Error compiling '/home/vagrant/ansible_test/venv/build/django/django/contrib/auth/mixins.py'...\n  File \"/home/vagrant/ansible_test/venv/build/django/django/contrib/auth/mixins.py\", line 28\n    f\"{self.__class__.__name__} is missing the login_url attribute. Define \"\n                                                                           ^\nSyntaxError: invalid syntax\n\n*** Error compiling '/home/vagrant/ansible_test/venv/build/django/django/contrib/auth/tokens.py'...\n  File \"/home/vagrant/ansible_test/venv/build/django/django/contrib/auth/tokens.py\", line 101\n    return f\"{user.pk}{user.password}{login_timestamp}{timestamp}{email}\"\n                                                                        ^\nSyntaxError: invalid syntax\n\n*** Error compiling '/home/vagrant/ansible_test/venv/build/django/django/contrib/auth/views.py'...\n  File \"/home/vagrant/ansible_test/venv/build/django/django/contrib/auth/views.py\", line 39\n    return {self.request.get_host(), *self.success_url_allowed_hosts}\n                                     ^\nSyntaxError: invalid syntax\n\n*** Error compiling '/home/vagrant/ansible_test/venv/build/django/django/contrib/contenttypes/admin.py'...\n  File \"/home/vagrant/ansible_test/venv/build/django/django/contrib/contenttypes/admin.py\", line 127\n    **kwargs,\n     ^\nSyntaxError: invalid syntax\n\n*** Error compiling '/home/vagrant/ansible_test/venv/build/django/django/contrib/contenttypes/fields.py'...\n  File \"/home/vagrant/ansible_test/venv/build/django/django/contrib/contenttypes/fields.py\", line 317\n    **kwargs,\n            ^\nSyntaxError: invalid syntax\n\n*** Error compiling '/home/vagrant/ansible_test/venv/build/django/django/contrib/contenttypes/forms.py'...\n  File \"/home/vagrant/ansible_test/venv/build/django/django/contrib/contenttypes/forms.py\", line 20\n    **kwargs,\n            ^\nSyntaxError: invalid syntax\n\n*** Error compiling '/home/vagrant/ansible_test/venv/build/django/django/contrib/contenttypes/management/__init__.py'...\n  File \"/home/vagrant/ansible_test/venv/build/django/django/contrib/contenttypes/management/__init__.py\", line 112\n    **kwargs,\n            ^\nSyntaxError: invalid syntax\n\n*** Error compiling '/home/vagrant/ansible_test/venv/build/django/django/contrib/gis/db/backends/oracle/introspection.py'...\n  File \"/home/vagrant/ansible_test/venv/build/django/django/contrib/gis/db/backends/oracle/introspection.py\", line 14\n    **super().data_types_reverse,\n     ^\nSyntaxError: invalid syntax\n\n*** Error compiling '/home/vagrant/ansible_test/venv/build/django/django/contrib/gis/db/backends/postgis/operations.py'...\n  File \"/home/vagrant/ansible_test/venv/build/django/django/contrib/gis/db/backends/postgis/operations.py\", line 395\n    **kwargs,\n            ^\nSyntaxError: invalid syntax\n\n*** Error compiling '/home/vagrant/ansible_test/venv/build/django/django/contrib/gis/db/backends/spatialite/introspection.py'...\n  File \"/home/vagrant/ansible_test/venv/build/django/django/contrib/gis/db/backends/spatialite/introspection.py\", line 15\n    **FlexibleFieldLookupDict.base_data_types_reverse,\n     ^\nSyntaxError: invalid syntax\n\n*** Error compiling '/home/vagrant/ansible_test/venv/build/django/django/contrib/gis/db/models/aggregates.py'...\n  File \"/home/vagrant/ansible_test/venv/build/django/django/contrib/gis/db/models/aggregates.py\", line 29\n    **extra_context,\n                   ^\nSyntaxError: invalid syntax\n\n*** Error compiling '/home/vagrant/ansible_test/venv/build/django/django/contrib/gis/db/models/fields.py'...\n  File \"/home/vagrant/ansible_test/venv/build/django/django/contrib/gis/db/models/fields.py\", line 169\n    ),\n     ^\nSyntaxError: invalid syntax\n\n*** Error compiling '/home/vagrant/ansible_test/venv/build/django/django/contrib/gis/db/models/functions.py'...\n  File \"/home/vagrant/ansible_test/venv/build/django/django/contrib/gis/db/models/functions.py\", line 149\n    clone.set_source_expressions([*self.get_source_expressions(), tolerance])\n                                         ^\nSyntaxError: can use starred expression only as assignment target\n\n*** Error compiling '/home/vagrant/ansible_test/venv/build/django/django/contrib/gis/db/models/lookups.py'...\n  File \"/home/vagrant/ansible_test/venv/build/django/django/contrib/gis/db/models/lookups.py\", line 87\n    **self.template_params,\n     ^\nSyntaxError: invalid syntax\n\n*** Error compiling '/home/vagrant/ansible_test/venv/build/django/django/contrib/gis/forms/widgets.py'...\n  File \"/home/vagrant/ansible_test/venv/build/django/django/contrib/gis/forms/widgets.py\", line 78\n    **(attrs or {}),\n     ^\nSyntaxError: invalid syntax\n\n*** Error compiling '/home/vagrant/ansible_test/venv/build/django/django/contrib/gis/geos/mutable_list.py'...\n  File \"/home/vagrant/ansible_test/venv/build/django/django/contrib/gis/geos/mutable_list.py\", line 114\n    return self.__class__([*self, *other])\n                                  ^\nSyntaxError: can use starred expression only as assignment target\n\n*** Error compiling '/home/vagrant/ansible_test/venv/build/django/django/contrib/gis/geos/polygon.py'...\n  File \"/home/vagrant/ansible_test/venv/build/django/django/contrib/gis/geos/polygon.py\", line 45\n    polygon = self._create_polygon(n_holes + 1, [ext_ring, *init_holes])\n                                                                  ^\nSyntaxError: can use starred expression only as assignment target\n\n*** Error compiling '/home/vagrant/ansible_test/venv/build/django/django/contrib/gis/geos/prototypes/coordseq.py'...\n  File \"/home/vagrant/ansible_test/venv/build/django/django/contrib/gis/geos/prototypes/coordseq.py\", line 51\n    *args, **{**kwargs, \"errcheck\": errcheck, \"argtypes\": argtypes}\n               ^\nSyntaxError: invalid syntax\n\n*** Error compiling '/home/vagrant/ansible_test/venv/build/django/django/contrib/gis/geos/prototypes/threadsafe.py'...\n  File \"/home/vagrant/ansible_test/venv/build/django/django/contrib/gis/geos/prototypes/threadsafe.py\", line 57\n    self.cfunc.argtypes = [CONTEXT_PTR, *argtypes]\n                                               ^\nSyntaxError: can use starred expression only as assignment target\n\n*** Error compiling '/home/vagrant/ansible_test/venv/build/django/django/contrib/gis/measure.py'...\n  File \"/home/vagrant/ansible_test/venv/build/django/django/contrib/gis/measure.py\", line 111\n    **{self.STANDARD_UNIT: (self.standard + other.standard)},\n                                                            ^\nSyntaxError: invalid syntax\n\n*** Error compiling '/home/vagrant/ansible_test/venv/build/django/django/contrib/gis/serializers/geojson.py'...\n  File \"/home/vagrant/ansible_test/venv/build/django/django/contrib/gis/serializers/geojson.py\", line 20\n    self.selected_fields = [*self.selected_fields, self.geometry_field]\n                                       ^\nSyntaxError: can use starred expression only as assignment target\n\n*** Error compiling '/home/vagrant/ansible_test/venv/build/django/django/contrib/messages/storage/base.py'...\n  File \"/home/vagrant/ansible_test/venv/build/django/django/contrib/messages/storage/base.py\", line 73\n    return f\"<{self.__class__.__qualname__}: request={self.request!r}>\"\n                                                                      ^\nSyntaxError: invalid syntax\n\n*** Error compiling '/home/vagrant/ansible_test/venv/build/django/django/contrib/messages/utils.py'...\n  File \"/home/vagrant/ansible_test/venv/build/django/django/contrib/messages/utils.py\", line 10\n    **constants.DEFAULT_TAGS,\n     ^\nSyntaxError: invalid syntax\n\n*** Error compiling '/home/vagrant/ansible_test/venv/build/django/django/contrib/postgres/constraints.py'...\n  File \"/home/vagrant/ansible_test/venv/build/django/django/contrib/postgres/constraints.py\", line 27\n    ):\n    ^\nSyntaxError: invalid syntax\n\n*** Error compiling '/home/vagrant/ansible_test/venv/build/django/django/contrib/postgres/fields/array.py'...\n  File \"/home/vagrant/ansible_test/venv/build/django/django/contrib/postgres/fields/array.py\", line 210\n    **kwargs,\n     ^\nSyntaxError: invalid syntax\n\n*** Error compiling '/home/vagrant/ansible_test/venv/build/django/django/contrib/postgres/fields/hstore.py'...\n  File \"/home/vagrant/ansible_test/venv/build/django/django/contrib/postgres/fields/hstore.py\", line 52\n    **kwargs,\n     ^\nSyntaxError: invalid syntax\n\n*** Error compiling '/home/vagrant/ansible_test/venv/build/django/django/contrib/postgres/forms/array.py'...\n  File \"/home/vagrant/ansible_test/venv/build/django/django/contrib/postgres/forms/array.py\", line 161\n    final_attrs = {**final_attrs, \"id\": \"%s_%s\" % (id_, i)}\n                    ^\nSyntaxError: invalid syntax\n\n*** Error compiling '/home/vagrant/ansible_test/venv/build/django/django/contrib/postgres/operations.py'...\n  File \"/home/vagrant/ansible_test/venv/build/django/django/contrib/postgres/operations.py\", line 204\n    f\"{option}={value}\" for option, value in args.items()\n                      ^\nSyntaxError: invalid syntax\n\n*** Error compiling '/home/vagrant/ansible_test/venv/build/django/django/contrib/postgres/search.py'...\n  File \"/home/vagrant/ansible_test/venv/build/django/django/contrib/postgres/search.py\", line 194\n    ):\n    ^\nSyntaxError: invalid syntax\n\n*** Error compiling '/home/vagrant/ansible_test/venv/build/django/django/contrib/postgres/utils.py'...\n  File \"/home/vagrant/ansible_test/venv/build/django/django/contrib/postgres/utils.py\", line 25\n    params={**error_params, **params},\n             ^\nSyntaxError: invalid syntax\n\n*** Error compiling '/home/vagrant/ansible_test/venv/build/django/django/contrib/postgres/validators.py'...\n  File \"/home/vagrant/ansible_test/venv/build/django/django/contrib/postgres/validators.py\", line 47\n    self.messages = {**self.messages, **messages}\n                      ^\nSyntaxError: invalid syntax\n\n*** Error compiling '/home/vagrant/ansible_test/venv/build/django/django/contrib/sitemaps/__init__.py'...\n  File \"/home/vagrant/ansible_test/venv/build/django/django/contrib/sitemaps/__init__.py\", line 172\n    loc = f\"{protocol}://{domain}{self._location(item)}\"\n                                                       ^\nSyntaxError: invalid syntax\n\n*** Error compiling '/home/vagrant/ansible_test/venv/build/django/django/contrib/sites/management.py'...\n  File \"/home/vagrant/ansible_test/venv/build/django/django/contrib/sites/management.py\", line 17\n    **kwargs,\n            ^\nSyntaxError: invalid syntax\n\n*** Error compiling '/home/vagrant/ansible_test/venv/build/django/django/contrib/staticfiles/finders.py'...\n  File \"/home/vagrant/ansible_test/venv/build/django/django/contrib/staticfiles/finders.py\", line 109\n    f\"The directory '{root}' in the STATICFILES_DIRS setting \"\n                                                             ^\nSyntaxError: invalid syntax\n\n*** Error compiling '/home/vagrant/ansible_test/venv/build/django/django/contrib/staticfiles/handlers.py'...\n  File \"/home/vagrant/ansible_test/venv/build/django/django/contrib/staticfiles/handlers.py\", line 58\n    async def get_response_async(self, request):\n            ^\nSyntaxError: invalid syntax\n\n*** Error compiling '/home/vagrant/ansible_test/venv/build/django/django/contrib/syndication/views.py'...\n  File \"/home/vagrant/ansible_test/venv/build/django/django/contrib/syndication/views.py\", line 150\n    **self.feed_extra_kwargs(obj),\n                                 ^\nSyntaxError: invalid syntax\n\n*** Error compiling '/home/vagrant/ansible_test/venv/build/django/django/core/cache/backends/base.py'...\n  File \"/home/vagrant/ansible_test/venv/build/django/django/core/cache/backends/base.py\", line 137\n    async def aadd(self, key, value, timeout=DEFAULT_TIMEOUT, version=None):\n            ^\nSyntaxError: invalid syntax\n\n*** Error compiling '/home/vagrant/ansible_test/venv/build/django/django/core/cache/backends/memcached.py'...\n  File \"/home/vagrant/ansible_test/venv/build/django/django/core/cache/backends/memcached.py\", line 168\n    self._options = {\"pickleProtocol\": pickle.HIGHEST_PROTOCOL, **self._options}\n                                                                 ^\nSyntaxError: invalid syntax\n\n*** Error compiling '/home/vagrant/ansible_test/venv/build/django/django/core/cache/backends/redis.py'...\n  File \"/home/vagrant/ansible_test/venv/build/django/django/core/cache/backends/redis.py\", line 39\n    **options,\n             ^\nSyntaxError: invalid syntax\n\n*** Error compiling '/home/vagrant/ansible_test/venv/build/django/django/core/checks/caches.py'...\n  File \"/home/vagrant/ansible_test/venv/build/django/django/core/checks/caches.py\", line 52\n    f\"Your '{alias}' cache configuration might expose your cache \"\n                                                                 ^\nSyntaxError: invalid syntax\n\n*** Error compiling '/home/vagrant/ansible_test/venv/build/django/django/core/checks/files.py'...\n  File \"/home/vagrant/ansible_test/venv/build/django/django/core/checks/files.py\", line 14\n    f\"The FILE_UPLOAD_TEMP_DIR setting refers to the nonexistent \"\n                                                                 ^\nSyntaxError: invalid syntax\n\n*** Error compiling '/home/vagrant/ansible_test/venv/build/django/django/core/handlers/asgi.py'...\n  File \"/home/vagrant/ansible_test/venv/build/django/django/core/handlers/asgi.py\", line 143\n    async def __call__(self, scope, receive, send):\n            ^\nSyntaxError: invalid syntax\n\n*** Error compiling '/home/vagrant/ansible_test/venv/build/django/django/core/handlers/base.py'...\n  File \"/home/vagrant/ansible_test/venv/build/django/django/core/handlers/base.py\", line 152\n    async def get_response_async(self, request):\n            ^\nSyntaxError: invalid syntax\n\n*** Error compiling '/home/vagrant/ansible_test/venv/build/django/django/core/handlers/exception.py'...\n  File \"/home/vagrant/ansible_test/venv/build/django/django/core/handlers/exception.py\", line 40\n    async def inner(request):\n        ^\nSyntaxError: invalid syntax\n\n*** Error compiling '/home/vagrant/ansible_test/venv/build/django/django/core/handlers/wsgi.py'...\n  File \"/home/vagrant/ansible_test/venv/build/django/django/core/handlers/wsgi.py\", line 138\n    *response.items(),\n               ^\nSyntaxError: can use starred expression only as assignment target\n\n*** Error compiling '/home/vagrant/ansible_test/venv/build/django/django/core/mail/backends/smtp.py'...\n  File \"/home/vagrant/ansible_test/venv/build/django/django/core/mail/backends/smtp.py\", line 29\n    **kwargs,\n            ^\nSyntaxError: invalid syntax\n\n*** Error compiling '/home/vagrant/ansible_test/venv/build/django/django/core/management/__init__.py'...\n  File \"/home/vagrant/ansible_test/venv/build/django/django/core/management/__init__.py\", line 165\n    f\"Cannot pass the dest {opt.dest!r} that matches multiple \"\n                                                              ^\nSyntaxError: invalid syntax\n\n*** Error compiling '/home/vagrant/ansible_test/venv/build/django/django/core/management/base.py'...\n  File \"/home/vagrant/ansible_test/venv/build/django/django/core/management/base.py\", line 307\n    **kwargs,\n            ^\nSyntaxError: invalid syntax\n\n*** Error compiling '/home/vagrant/ansible_test/venv/build/django/django/core/management/commands/compilemessages.py'...\n  File \"/home/vagrant/ansible_test/venv/build/django/django/core/management/commands/compilemessages.py\", line 182\n    args = [self.program, *self.program_options, \"-o\", mo_path, po_path]\n                                         ^\nSyntaxError: can use starred expression only as assignment target\n\n*** Error compiling '/home/vagrant/ansible_test/venv/build/django/django/core/management/commands/dumpdata.py'...\n  File \"/home/vagrant/ansible_test/venv/build/django/django/core/management/commands/dumpdata.py\", line 257\n    f\"Unsupported file extension ({file_ext}). \"\n                                               ^\nSyntaxError: invalid syntax\n\n*** Error compiling '/home/vagrant/ansible_test/venv/build/django/django/core/management/sql.py'...\n  File \"/home/vagrant/ansible_test/venv/build/django/django/core/management/sql.py\", line 38\n    **kwargs,\n            ^\nSyntaxError: invalid syntax\n\n*** Error compiling '/home/vagrant/ansible_test/venv/build/django/django/core/management/templates.py'...\n  File \"/home/vagrant/ansible_test/venv/build/django/django/core/management/templates.py\", line 114\n    if exclude := options.get(\"exclude\"):\n                ^\nSyntaxError: invalid syntax\n\n*** Error compiling '/home/vagrant/ansible_test/venv/build/django/django/core/serializers/base.py'...\n  File \"/home/vagrant/ansible_test/venv/build/django/django/core/serializers/base.py\", line 110\n    **options,\n             ^\nSyntaxError: invalid syntax\n\n*** Error compiling '/home/vagrant/ansible_test/venv/build/django/django/core/serializers/xml_serializer.py'...\n  File \"/home/vagrant/ansible_test/venv/build/django/django/core/serializers/xml_serializer.py\", line 185\n    **options,\n             ^\nSyntaxError: invalid syntax\n\n*** Error compiling '/home/vagrant/ansible_test/venv/build/django/django/db/backends/base/base.py'...\n  File \"/home/vagrant/ansible_test/venv/build/django/django/db/backends/base/base.py\", line 654\n    conn = self.__class__({**self.settings_dict, \"NAME\": None}, alias=NO_DB_ALIAS)\n                            ^\nSyntaxError: invalid syntax\n\n*** Error compiling '/home/vagrant/ansible_test/venv/build/django/django/db/backends/base/client.py'...\n  File \"/home/vagrant/ansible_test/venv/build/django/django/db/backends/base/client.py\", line 27\n    env = {**os.environ, **env} if env else None\n            ^\nSyntaxError: invalid syntax\n\n*** Error compiling '/home/vagrant/ansible_test/venv/build/django/django/db/backends/base/creation.py'...\n  File \"/home/vagrant/ansible_test/venv/build/django/django/db/backends/base/creation.py\", line 267\n    **orig_settings_dict,\n     ^\nSyntaxError: invalid syntax\n\n*** Error compiling '/home/vagrant/ansible_test/venv/build/django/django/db/backends/base/operations.py'...\n  File \"/home/vagrant/ansible_test/venv/build/django/django/db/backends/base/operations.py\", line 679\n    return \"(%s - %s)\" % (lhs_sql, rhs_sql), (*lhs_params, *rhs_params)\n                                                         ^\nSyntaxError: can use starred expression only as assignment target\n\n*** Error compiling '/home/vagrant/ansible_test/venv/build/django/django/db/backends/base/schema.py'...\n  File \"/home/vagrant/ansible_test/venv/build/django/django/db/backends/base/schema.py\", line 547\n    **constraint_kwargs,\n                       ^\nSyntaxError: invalid syntax\n\n*** Error compiling '/home/vagrant/ansible_test/venv/build/django/django/db/backends/mysql/base.py'...\n  File \"/home/vagrant/ansible_test/venv/build/django/django/db/backends/mysql/base.py\", line 44\n    **conversions,\n     ^\nSyntaxError: invalid syntax\n\n*** Error compiling '/home/vagrant/ansible_test/venv/build/django/django/db/backends/mysql/creation.py'...\n  File \"/home/vagrant/ansible_test/venv/build/django/django/db/backends/mysql/creation.py\", line 73\n    dump_env = load_env = {**os.environ, **cmd_env} if cmd_env else None\n                            ^\nSyntaxError: invalid syntax\n\n*** Error compiling '/home/vagrant/ansible_test/venv/build/django/django/db/backends/mysql/features.py'...\n  File \"/home/vagrant/ansible_test/venv/build/django/django/db/backends/mysql/features.py\", line 61\n    \"ci\": f\"{charset}_general_ci\",\n                                ^\nSyntaxError: invalid syntax\n\n*** Error compiling '/home/vagrant/ansible_test/venv/build/django/django/db/backends/mysql/introspection.py'...\n  File \"/home/vagrant/ansible_test/venv/build/django/django/db/backends/mysql/introspection.py\", line 161\n    )\n    ^\nSyntaxError: invalid syntax\n\n*** Error compiling '/home/vagrant/ansible_test/venv/build/django/django/db/backends/mysql/operations.py'...\n  File \"/home/vagrant/ansible_test/venv/build/django/django/db/backends/mysql/operations.py\", line 15\n    **BaseDatabaseOperations.integer_field_ranges,\n     ^\nSyntaxError: invalid syntax\n\n*** Error compiling '/home/vagrant/ansible_test/venv/build/django/django/db/backends/oracle/base.py'...\n  File \"/home/vagrant/ansible_test/venv/build/django/django/db/backends/oracle/base.py\", line 189\n    **_standard_operators,\n     ^\nSyntaxError: invalid syntax\n\n*** Error compiling '/home/vagrant/ansible_test/venv/build/django/django/db/backends/oracle/client.py'...\n  File \"/home/vagrant/ansible_test/venv/build/django/django/db/backends/oracle/client.py\", line 25\n    args = [wrapper_path, *args]\n                               ^\nSyntaxError: can use starred expression only as assignment target\n\n*** Error compiling '/home/vagrant/ansible_test/venv/build/django/django/db/backends/oracle/creation.py'...\n  File \"/home/vagrant/ansible_test/venv/build/django/django/db/backends/oracle/creation.py\", line 25\n    settings_dict = {**settings_dict, \"USER\": user, \"PASSWORD\": password}\n                      ^\nSyntaxError: invalid syntax\n\n*** Error compiling '/home/vagrant/ansible_test/venv/build/django/django/db/backends/oracle/features.py'...\n  File \"/home/vagrant/ansible_test/venv/build/django/django/db/backends/oracle/features.py\", line 104\n    **super().introspected_field_types,\n     ^\nSyntaxError: invalid syntax\n\n*** Error compiling '/home/vagrant/ansible_test/venv/build/django/django/db/backends/oracle/introspection.py'...\n  File \"/home/vagrant/ansible_test/venv/build/django/django/db/backends/oracle/introspection.py\", line 177\n    *desc[6:],\n    ^\nSyntaxError: invalid syntax\n\n*** Error compiling '/home/vagrant/ansible_test/venv/build/django/django/db/backends/oracle/operations.py'...\n  File \"/home/vagrant/ansible_test/venv/build/django/django/db/backends/oracle/operations.py\", line 36\n    set_operators = {**BaseDatabaseOperations.set_operators, \"difference\": \"MINUS\"}\n                      ^\nSyntaxError: invalid syntax\n\n*** Error compiling '/home/vagrant/ansible_test/venv/build/django/django/db/backends/postgresql/base.py'...\n  File \"/home/vagrant/ansible_test/venv/build/django/django/db/backends/postgresql/base.py\", line 181\n    **settings_dict[\"OPTIONS\"],\n     ^\nSyntaxError: invalid syntax\n\n*** Error compiling '/home/vagrant/ansible_test/venv/build/django/django/db/backends/postgresql/features.py'...\n  File \"/home/vagrant/ansible_test/venv/build/django/django/db/backends/postgresql/features.py\", line 76\n    **super().introspected_field_types,\n     ^\nSyntaxError: invalid syntax\n\n*** Error compiling '/home/vagrant/ansible_test/venv/build/django/django/db/backends/postgresql/introspection.py'...\n  File \"/home/vagrant/ansible_test/venv/build/django/django/db/backends/postgresql/introspection.py\", line 114\n    )\n    ^\nSyntaxError: invalid syntax\n\n*** Error compiling '/home/vagrant/ansible_test/venv/build/django/django/db/backends/postgresql/operations.py'...\n  File \"/home/vagrant/ansible_test/venv/build/django/django/db/backends/postgresql/operations.py\", line 70\n    return f\"{tzname}{sign}{offset}\"\n                                   ^\nSyntaxError: invalid syntax\n\n*** Error compiling '/home/vagrant/ansible_test/venv/build/django/django/db/backends/postgresql/schema.py'...\n  File \"/home/vagrant/ansible_test/venv/build/django/django/db/backends/postgresql/schema.py\", line 299\n    ):\n    ^\nSyntaxError: invalid syntax\n\n*** Error compiling '/home/vagrant/ansible_test/venv/build/django/django/db/backends/sqlite3/base.py'...\n  File \"/home/vagrant/ansible_test/venv/build/django/django/db/backends/sqlite3/base.py\", line 185\n    **settings_dict[\"OPTIONS\"],\n     ^\nSyntaxError: invalid syntax\n\n*** Error compiling '/home/vagrant/ansible_test/venv/build/django/django/db/backends/sqlite3/client.py'...\n  File \"/home/vagrant/ansible_test/venv/build/django/django/db/backends/sqlite3/client.py\", line 9\n    args = [cls.executable_name, settings_dict[\"NAME\"], *parameters]\n                                                               ^\nSyntaxError: can use starred expression only as assignment target\n\n*** Error compiling '/home/vagrant/ansible_test/venv/build/django/django/db/backends/sqlite3/creation.py'...\n  File \"/home/vagrant/ansible_test/venv/build/django/django/db/backends/sqlite3/creation.py\", line 58\n    return {**orig_settings_dict, \"NAME\": \"{}_{}{}\".format(root, suffix, ext)}\n             ^\nSyntaxError: invalid syntax\n\n*** Error compiling '/home/vagrant/ansible_test/venv/build/django/django/db/backends/sqlite3/features.py'...\n  File \"/home/vagrant/ansible_test/venv/build/django/django/db/backends/sqlite3/features.py\", line 119\n    **super().introspected_field_types,\n     ^\nSyntaxError: invalid syntax\n\n*** Error compiling '/home/vagrant/ansible_test/venv/build/django/django/db/backends/sqlite3/operations.py'...\n  File \"/home/vagrant/ansible_test/venv/build/django/django/db/backends/sqlite3/operations.py\", line 94\n    *self._convert_tznames_to_sql(tzname),\n               ^\nSyntaxError: can use starred expression only as assignment target\n\n*** Error compiling '/home/vagrant/ansible_test/venv/build/django/django/db/migrations/autodetector.py'...\n  File \"/home/vagrant/ansible_test/venv/build/django/django/db/migrations/autodetector.py\", line 1264\n    remote_field_model = f\"{remote_app_label}.{remote_model_name}\"\n                                                                 ^\nSyntaxError: invalid syntax\n\n*** Error compiling '/home/vagrant/ansible_test/venv/build/django/django/db/migrations/loader.py'...\n  File \"/home/vagrant/ansible_test/venv/build/django/django/db/migrations/loader.py\", line 163\n    f\"There is no migration for '{app_label}' with the prefix \"\n                                                              ^\nSyntaxError: invalid syntax\n\n*** Error compiling '/home/vagrant/ansible_test/venv/build/django/django/db/migrations/migration.py'...\n  File \"/home/vagrant/ansible_test/venv/build/django/django/db/migrations/migration.py\", line 213\n    new_name = f\"{name}_{fragment}\"\n                                  ^\nSyntaxError: invalid syntax\n\n*** Error compiling '/home/vagrant/ansible_test/venv/build/django/django/db/migrations/operations/models.py'...\n  File \"/home/vagrant/ansible_test/venv/build/django/django/db/migrations/operations/models.py\", line 157\n    options = {**self.options, **operation.options}\n                ^\nSyntaxError: invalid syntax\n\n*** Error compiling '/home/vagrant/ansible_test/venv/build/django/django/db/migrations/questioner.py'...\n  File \"/home/vagrant/ansible_test/venv/build/django/django/db/migrations/questioner.py\", line 118\n    f\"Accept the default '{default}' by pressing 'Enter' or \"\n                                                            ^\nSyntaxError: invalid syntax\n\n*** Error compiling '/home/vagrant/ansible_test/venv/build/django/django/db/migrations/serializer.py'...\n  File \"/home/vagrant/ansible_test/venv/build/django/django/db/migrations/serializer.py\", line 186\n    imports = {\"import functools\", *func_imports, *args_imports, *keywords_imports}\n                                   ^\nSyntaxError: invalid syntax\n\n*** Error compiling '/home/vagrant/ansible_test/venv/build/django/django/db/migrations/state.py'...\n  File \"/home/vagrant/ansible_test/venv/build/django/django/db/migrations/state.py\", line 151\n    new_remote_model = f\"{app_label}.{new_name}\"\n                                               ^\nSyntaxError: invalid syntax\n\n*** Error compiling '/home/vagrant/ansible_test/venv/build/django/django/db/models/aggregates.py'...\n  File \"/home/vagrant/ansible_test/venv/build/django/django/db/models/aggregates.py\", line 40\n    raise TypeError(f\"{self.__class__.__name__} does not allow default.\")\n                                                                       ^\nSyntaxError: invalid syntax\n\n*** Error compiling '/home/vagrant/ansible_test/venv/build/django/django/db/models/base.py'...\n  File \"/home/vagrant/ansible_test/venv/build/django/django/db/models/base.py\", line 499\n    f\"{cls.__qualname__}() got both positional and \"\n                                                   ^\nSyntaxError: invalid syntax\n\n*** Error compiling '/home/vagrant/ansible_test/venv/build/django/django/db/models/constraints.py'...\n  File \"/home/vagrant/ansible_test/venv/build/django/django/db/models/constraints.py\", line 89\n    return f\"{self.__class__.__qualname__}.{self._name_}\"\n                                                        ^\nSyntaxError: invalid syntax\n\n*** Error compiling '/home/vagrant/ansible_test/venv/build/django/django/db/models/deletion.py'...\n  File \"/home/vagrant/ansible_test/venv/build/django/django/db/models/deletion.py\", line 401\n    *((f\"{related_field.name}__in\", objs) for related_field in related_fields),\n                                 ^\nSyntaxError: invalid syntax\n\n*** Error compiling '/home/vagrant/ansible_test/venv/build/django/django/db/models/enums.py'...\n  File \"/home/vagrant/ansible_test/venv/build/django/django/db/models/enums.py\", line 79\n    return f\"{self.__class__.__qualname__}.{self._name_}\"\n                                                        ^\nSyntaxError: invalid syntax\n\n*** Error compiling '/home/vagrant/ansible_test/venv/build/django/django/db/models/expressions.py'...\n  File \"/home/vagrant/ansible_test/venv/build/django/django/db/models/expressions.py\", line 618\n    f\"Invalid arguments for operator {self.connector}.\"\n                                                      ^\nSyntaxError: invalid syntax\n\n*** Error compiling '/home/vagrant/ansible_test/venv/build/django/django/db/models/fields/__init__.py'...\n  File \"/home/vagrant/ansible_test/venv/build/django/django/db/models/fields/__init__.py\", line 1090\n    return super().formfield(**{**defaults, **kwargs})\n                                 ^\nSyntaxError: invalid syntax\n\n*** Error compiling '/home/vagrant/ansible_test/venv/build/django/django/db/models/fields/files.py'...\n  File \"/home/vagrant/ansible_test/venv/build/django/django/db/models/fields/files.py\", line 353\n    **kwargs,\n     ^\nSyntaxError: invalid syntax\n\n*** Error compiling '/home/vagrant/ansible_test/venv/build/django/django/db/models/fields/json.py'...\n  File \"/home/vagrant/ansible_test/venv/build/django/django/db/models/fields/json.py\", line 30\n    **kwargs,\n            ^\nSyntaxError: invalid syntax\n\n*** Error compiling '/home/vagrant/ansible_test/venv/build/django/django/db/models/fields/related.py'...\n  File \"/home/vagrant/ansible_test/venv/build/django/django/db/models/fields/related.py\", line 103\n    **kwargs,\n            ^\nSyntaxError: invalid syntax\n\n*** Error compiling '/home/vagrant/ansible_test/venv/build/django/django/db/models/fields/related_descriptors.py'...\n  File \"/home/vagrant/ansible_test/venv/build/django/django/db/models/fields/related_descriptors.py\", line 967\n    filters &= Q((f\"{self.target_field_name}__in\", removed_vals))\n                                                ^\nSyntaxError: invalid syntax\n\n*** Error compiling '/home/vagrant/ansible_test/venv/build/django/django/db/models/functions/comparison.py'...\n  File \"/home/vagrant/ansible_test/venv/build/django/django/db/models/functions/comparison.py\", line 58\n    **extra_context,\n                   ^\nSyntaxError: invalid syntax\n\n*** Error compiling '/home/vagrant/ansible_test/venv/build/django/django/db/models/functions/datetime.py'...\n  File \"/home/vagrant/ansible_test/venv/build/django/django/db/models/functions/datetime.py\", line 231\n    **extra,\n           ^\nSyntaxError: invalid syntax\n\n*** Error compiling '/home/vagrant/ansible_test/venv/build/django/django/db/models/functions/math.py'...\n  File \"/home/vagrant/ansible_test/venv/build/django/django/db/models/functions/math.py\", line 91\n    **extra_context,\n                   ^\nSyntaxError: invalid syntax\n\n*** Error compiling '/home/vagrant/ansible_test/venv/build/django/django/db/models/functions/text.py'...\n  File \"/home/vagrant/ansible_test/venv/build/django/django/db/models/functions/text.py\", line 14\n    **extra_content,\n                   ^\nSyntaxError: invalid syntax\n\n*** Error compiling '/home/vagrant/ansible_test/venv/build/django/django/db/models/indexes.py'...\n  File \"/home/vagrant/ansible_test/venv/build/django/django/db/models/indexes.py\", line 26\n    ):\n    ^\nSyntaxError: invalid syntax\n\n*** Error compiling '/home/vagrant/ansible_test/venv/build/django/django/db/models/lookups.py'...\n  File \"/home/vagrant/ansible_test/venv/build/django/django/db/models/lookups.py\", line 50\n    return f\"{self.__class__.__name__}({self.lhs!r}, {self.rhs!r})\"\n                                                                  ^\nSyntaxError: invalid syntax\n\n*** Error compiling '/home/vagrant/ansible_test/venv/build/django/django/db/models/manager.py'...\n  File \"/home/vagrant/ansible_test/venv/build/django/django/db/models/manager.py\", line 116\n    **cls._get_queryset_methods(queryset_class),\n     ^\nSyntaxError: invalid syntax\n\n*** Error compiling '/home/vagrant/ansible_test/venv/build/django/django/db/models/options.py'...\n  File \"/home/vagrant/ansible_test/venv/build/django/django/db/models/options.py\", line 259\n    f\"{app_config_class.__module__}.\"\n                                    ^\nSyntaxError: invalid syntax\n\n*** Error compiling '/home/vagrant/ansible_test/venv/build/django/django/db/models/query.py'...\n  File \"/home/vagrant/ansible_test/venv/build/django/django/db/models/query.py\", line 274\n    return {**self.__dict__, DJANGO_VERSION_PICKLE_KEY: django.__version__}\n             ^\nSyntaxError: invalid syntax\n\n*** Error compiling '/home/vagrant/ansible_test/venv/build/django/django/db/models/query_utils.py'...\n  File \"/home/vagrant/ansible_test/venv/build/django/django/db/models/query_utils.py\", line 46\n    children=[*args, *sorted(kwargs.items())],\n                         ^\nSyntaxError: can use starred expression only as assignment target\n\n*** Error compiling '/home/vagrant/ansible_test/venv/build/django/django/db/models/sql/compiler.py'...\n  File \"/home/vagrant/ansible_test/venv/build/django/django/db/models/sql/compiler.py\", line 441\n    col_name = f\"__orderbycol{order_by_idx}\"\n                                           ^\nSyntaxError: invalid syntax\n\n*** Error compiling '/home/vagrant/ansible_test/venv/build/django/django/db/models/sql/query.py'...\n  File \"/home/vagrant/ansible_test/venv/build/django/django/db/models/sql/query.py\", line 598\n    raise ValueError(f\"Invalid option name: {option_name!r}.\")\n                                                            ^\nSyntaxError: invalid syntax\n\n*** Error compiling '/home/vagrant/ansible_test/venv/build/django/django/db/models/sql/subqueries.py'...\n  File \"/home/vagrant/ansible_test/venv/build/django/django/db/models/sql/subqueries.py\", line 39\n    f\"{field.attname}__in\",\n                         ^\nSyntaxError: invalid syntax\n\n*** Error compiling '/home/vagrant/ansible_test/venv/build/django/django/db/models/sql/where.py'...\n  File \"/home/vagrant/ansible_test/venv/build/django/django/db/models/sql/where.py\", line 230\n    sql = f\"CASE WHEN {sql} THEN 1 ELSE 0 END\"\n                                             ^\nSyntaxError: invalid syntax\n\n*** Error compiling '/home/vagrant/ansible_test/venv/build/django/django/db/utils.py'...\n  File \"/home/vagrant/ansible_test/venv/build/django/django/db/utils.py\", line 153\n    f\"You must define a '{DEFAULT_DB_ALIAS}' database.\"\n                                                      ^\nSyntaxError: invalid syntax\n\n*** Error compiling '/home/vagrant/ansible_test/venv/build/django/django/forms/boundfield.py'...\n  File \"/home/vagrant/ansible_test/venv/build/django/django/forms/boundfield.py\", line 183\n    attrs = {**(attrs or {}), \"for\": id_for_label}\n              ^\nSyntaxError: invalid syntax\n\n*** Error compiling '/home/vagrant/ansible_test/venv/build/django/django/forms/fields.py'...\n  File \"/home/vagrant/ansible_test/venv/build/django/django/forms/fields.py\", line 109\n    ):\n    ^\nSyntaxError: invalid syntax\n\n*** Error compiling '/home/vagrant/ansible_test/venv/build/django/django/forms/forms.py'...\n  File \"/home/vagrant/ansible_test/venv/build/django/django/forms/forms.py\", line 338\n    f\"Returning a plain string from \"\n                                    ^\nSyntaxError: invalid syntax\n\n*** Error compiling '/home/vagrant/ansible_test/venv/build/django/django/forms/formsets.py'...\n  File \"/home/vagrant/ansible_test/venv/build/django/django/forms/formsets.py\", line 242\n    **self.get_form_kwargs(None),\n                                ^\nSyntaxError: invalid syntax\n\n*** Error compiling '/home/vagrant/ansible_test/venv/build/django/django/forms/models.py'...\n  File \"/home/vagrant/ansible_test/venv/build/django/django/forms/models.py\", line 148\n    ):\n    ^\nSyntaxError: invalid syntax\n\n*** Error compiling '/home/vagrant/ansible_test/venv/build/django/django/forms/widgets.py'...\n  File \"/home/vagrant/ansible_test/venv/build/django/django/forms/widgets.py\", line 285\n    return {**base_attrs, **(extra_attrs or {})}\n             ^\nSyntaxError: invalid syntax\n\n*** Error compiling '/home/vagrant/ansible_test/venv/build/django/django/http/response.py'...\n  File \"/home/vagrant/ansible_test/venv/build/django/django/http/response.py\", line 643\n    **kwargs,\n            ^\nSyntaxError: invalid syntax\n\n*** Error compiling '/home/vagrant/ansible_test/venv/build/django/django/middleware/csrf.py'...\n  File \"/home/vagrant/ansible_test/venv/build/django/django/middleware/csrf.py\", line 335\n    token_source = f\"the {header_name!r} HTTP header\"\n                                                    ^\nSyntaxError: invalid syntax\n\n*** Error compiling '/home/vagrant/ansible_test/venv/build/django/django/template/loader_tags.py'...\n  File \"/home/vagrant/ansible_test/venv/build/django/django/template/loader_tags.py\", line 20\n    return f\"<{self.__class__.__qualname__}: blocks={self.blocks!r}>\"\n                                                                    ^\nSyntaxError: invalid syntax\n\n*** Error compiling '/home/vagrant/ansible_test/venv/build/django/django/template/utils.py'...\n  File \"/home/vagrant/ansible_test/venv/build/django/django/template/utils.py\", line 49\n    **tpl,\n     ^\nSyntaxError: invalid syntax\n\n*** Error compiling '/home/vagrant/ansible_test/venv/build/django/django/templatetags/i18n.py'...\n  File \"/home/vagrant/ansible_test/venv/build/django/django/templatetags/i18n.py\", line 128\n    f\"<{self.__class__.__qualname__}: \"\n                                      ^\nSyntaxError: invalid syntax\n\n*** Error compiling '/home/vagrant/ansible_test/venv/build/django/django/templatetags/static.py'...\n  File \"/home/vagrant/ansible_test/venv/build/django/django/templatetags/static.py\", line 108\n    f\"{self.__class__.__name__}(varname={self.varname!r}, path={self.path!r})\"\n                                                                             ^\nSyntaxError: invalid syntax\n\n*** Error compiling '/home/vagrant/ansible_test/venv/build/django/django/test/client.py'...\n  File \"/home/vagrant/ansible_test/venv/build/django/django/test/client.py\", line 182\n    async def __call__(self, scope):\n            ^\nSyntaxError: invalid syntax\n\n*** Error compiling '/home/vagrant/ansible_test/venv/build/django/django/test/html.py'...\n  File \"/home/vagrant/ansible_test/venv/build/django/django/test/html.py\", line 114\n    return hash((self.name, *self.attributes))\n                                   ^\nSyntaxError: can use starred expression only as assignment target\n\n*** Error compiling '/home/vagrant/ansible_test/venv/build/django/django/test/runner.py'...\n  File \"/home/vagrant/ansible_test/venv/build/django/django/test/runner.py\", line 387\n    f\"{value!r} is not an integer or the string 'auto'\"\n                                                      ^\nSyntaxError: invalid syntax\n\n*** Error compiling '/home/vagrant/ansible_test/venv/build/django/django/test/testcases.py'...\n  File \"/home/vagrant/ansible_test/venv/build/django/django/test/testcases.py\", line 431\n    **extra,\n           ^\nSyntaxError: invalid syntax\n\n*** Error compiling '/home/vagrant/ansible_test/venv/build/django/django/test/utils.py'...\n  File \"/home/vagrant/ansible_test/venv/build/django/django/test/utils.py\", line 180\n    **kwargs,\n            ^\nSyntaxError: invalid syntax\n\n*** Error compiling '/home/vagrant/ansible_test/venv/build/django/django/urls/conf.py'...\n  File \"/home/vagrant/ansible_test/venv/build/django/django/urls/conf.py\", line 81\n    f\"view must be a callable, pass {view_cls_name}.as_view(), not \"\n                                                                   ^\nSyntaxError: invalid syntax\n\n*** Error compiling '/home/vagrant/ansible_test/venv/build/django/django/urls/converters.py'...\n  File \"/home/vagrant/ansible_test/venv/build/django/django/urls/converters.py\", line 62\n    return {**DEFAULT_CONVERTERS, **REGISTERED_CONVERTERS}\n             ^\nSyntaxError: invalid syntax\n\n*** Error compiling '/home/vagrant/ansible_test/venv/build/django/django/urls/resolvers.py'...\n  File \"/home/vagrant/ansible_test/venv/build/django/django/urls/resolvers.py\", line 94\n    raise PicklingError(f\"Cannot pickle {self.__class__.__qualname__}.\")\n                                                                      ^\nSyntaxError: invalid syntax\n\n*** Error compiling '/home/vagrant/ansible_test/venv/build/django/django/utils/autoreload.py'...\n  File \"/home/vagrant/ansible_test/venv/build/django/django/utils/autoreload.py\", line 234\n    f\"-X{key}\" if value is True else f\"-X{key}={value}\"\n             ^\nSyntaxError: invalid syntax\n\n*** Error compiling '/home/vagrant/ansible_test/venv/build/django/django/utils/connection.py'...\n  File \"/home/vagrant/ansible_test/venv/build/django/django/utils/connection.py\", line 61\n    raise self.exception_class(f\"The connection '{alias}' doesn't exist.\")\n                                                                        ^\nSyntaxError: invalid syntax\n\n*** Error compiling '/home/vagrant/ansible_test/venv/build/django/django/utils/datastructures.py'...\n  File \"/home/vagrant/ansible_test/venv/build/django/django/utils/datastructures.py\", line 42\n    return f\"{self.__class__.__qualname__}({data})\"\n                                                  ^\nSyntaxError: invalid syntax\n\n*** Error compiling '/home/vagrant/ansible_test/venv/build/django/django/utils/dateparse.py'...\n  File \"/home/vagrant/ansible_test/venv/build/django/django/utils/dateparse.py\", line 76\n    if match := date_re.match(value):\n              ^\nSyntaxError: invalid syntax\n\n*** Error compiling '/home/vagrant/ansible_test/venv/build/django/django/utils/deprecation.py'...\n  File \"/home/vagrant/ansible_test/venv/build/django/django/utils/deprecation.py\", line 139\n    async def __acall__(self, request):\n            ^\nSyntaxError: invalid syntax\n\n*** Error compiling '/home/vagrant/ansible_test/venv/build/django/django/utils/feedgenerator.py'...\n  File \"/home/vagrant/ansible_test/venv/build/django/django/utils/feedgenerator.py\", line 78\n    **kwargs,\n            ^\nSyntaxError: invalid syntax\n\n*** Error compiling '/home/vagrant/ansible_test/venv/build/django/django/utils/log.py'...\n  File \"/home/vagrant/ansible_test/venv/build/django/django/utils/log.py\", line 218\n    ):\n    ^\nSyntaxError: invalid syntax\n\n*** Error compiling '/home/vagrant/ansible_test/venv/build/django/django/utils/translation/trans_real.py'...\n  File \"/home/vagrant/ansible_test/venv/build/django/django/utils/translation/trans_real.py\", line 507\n    while (i := lang_code.rfind(\"-\", 0, i)) > -1:\n             ^\nSyntaxError: invalid syntax\n\n*** Error compiling '/home/vagrant/ansible_test/venv/build/django/django/utils/tree.py'...\n  File \"/home/vagrant/ansible_test/venv/build/django/django/utils/tree.py\", line 83\n    *make_hashable(self.children),\n                   ^\nSyntaxError: can use starred expression only as assignment target\n\n*** Error compiling '/home/vagrant/ansible_test/venv/build/django/django/views/generic/base.py'...\n  File \"/home/vagrant/ansible_test/venv/build/django/django/views/generic/base.py\", line 162\n    **response_kwargs,\n                     ^\nSyntaxError: invalid syntax\n\n*** Error compiling '/home/vagrant/ansible_test/venv/build/django/django/views/generic/edit.py'...\n  File \"/home/vagrant/ansible_test/venv/build/django/django/views/generic/edit.py\", line 261\n    f\"DeleteView uses FormMixin to handle POST requests. As a \"\n                                                              ^\nSyntaxError: invalid syntax\n\n*** Error compiling '/home/vagrant/ansible_test/venv/build/django/django/views/generic/list.py'...\n  File \"/home/vagrant/ansible_test/venv/build/django/django/views/generic/list.py\", line 96\n    **kwargs,\n            ^\nSyntaxError: invalid syntax\n\n  Running setup.py install for backports.zoneinfo\n    building 'backports.zoneinfo._czoneinfo' extension\n    x86_64-linux-gnu-gcc -pthread -DNDEBUG -g -fwrapv -O2 -Wall -Wstrict-prototypes -g -fstack-protector --param=ssp-buffer-size=4 -Wformat -Werror=format-security -D_FORTIFY_SOURCE=2 -fPIC -I/usr/include/python3.4m -I/home/vagrant/ansible_test/venv/include/python3.4m -c lib/zoneinfo_module.c -o build/temp.linux-x86_64-3.4/lib/zoneinfo_module.o -std=c99\n    lib/zoneinfo_module.c: In function 'zoneinfo_fromutc':\n    lib/zoneinfo_module.c:588:41: error: 'PyDateTime_DateTime' has no member named 'fold'\n                 ((PyDateTime_DateTime *)tmp)->fold = 1;\n                                             ^\n    lib/zoneinfo_module.c: In function 'load_data':\n    lib/zoneinfo_module.c:1003:5: warning: implicit declaration of function 'PyMem_Calloc' [-Wimplicit-function-declaration]\n         dstoff = PyMem_Calloc(self->num_ttinfos, sizeof(long));\n         ^\n    lib/zoneinfo_module.c:1003:12: warning: assignment makes pointer from integer without a cast [enabled by default]\n         dstoff = PyMem_Calloc(self->num_ttinfos, sizeof(long));\n                ^\n    lib/zoneinfo_module.c:1033:25: warning: assignment makes pointer from integer without a cast [enabled by default]\n         self->trans_ttinfos =\n                             ^\n    lib/zoneinfo_module.c: In function 'parse_transition_rule':\n    lib/zoneinfo_module.c:1810:28: warning: initialization makes pointer from integer without a cast [enabled by default]\n             CalendarRule *rv = PyMem_Calloc(1, sizeof(CalendarRule));\n                                ^\n    lib/zoneinfo_module.c:1852:23: warning: initialization makes pointer from integer without a cast [enabled by default]\n             DayRule *rv = PyMem_Calloc(1, sizeof(DayRule));\n                           ^\n    lib/zoneinfo_module.c: In function 'find_ttinfo':\n    lib/zoneinfo_module.c:2170:5: warning: implicit declaration of function 'PyDateTime_DATE_GET_FOLD' [-Wimplicit-function-declaration]\n         unsigned char fold = PyDateTime_DATE_GET_FOLD(dt);\n         ^\n    lib/zoneinfo_module.c: At top level:\n    lib/zoneinfo_module.c:2502:1: warning: function declaration isn't a prototype [-Wstrict-prototypes]\n     new_weak_cache()\n     ^\n    lib/zoneinfo_module.c:2516:1: warning: function declaration isn't a prototype [-Wstrict-prototypes]\n     initialize_caches()\n     ^\n    lib/zoneinfo_module.c:2618:1: warning: function declaration isn't a prototype [-Wstrict-prototypes]\n     module_free()\n     ^\n    lib/zoneinfo_module.c:2711:1: error: unknown type name 'PyModuleDef_Slot'\n     static PyModuleDef_Slot zoneinfomodule_slots[] = {\n     ^\n    lib/zoneinfo_module.c:2712:5: warning: braces around scalar initializer [enabled by default]\n         {Py_mod_exec, zoneinfomodule_exec}, {0, NULL}};\n         ^\n    lib/zoneinfo_module.c:2712:5: warning: (near initialization for 'zoneinfomodule_slots[0]') [enabled by default]\n    lib/zoneinfo_module.c:2712:6: error: 'Py_mod_exec' undeclared here (not in a function)\n         {Py_mod_exec, zoneinfomodule_exec}, {0, NULL}};\n          ^\n    lib/zoneinfo_module.c:2712:5: warning: excess elements in scalar initializer [enabled by default]\n         {Py_mod_exec, zoneinfomodule_exec}, {0, NULL}};\n         ^\n    lib/zoneinfo_module.c:2712:5: warning: (near initialization for 'zoneinfomodule_slots[0]') [enabled by default]\n    lib/zoneinfo_module.c:2712:5: warning: braces around scalar initializer [enabled by default]\n    lib/zoneinfo_module.c:2712:5: warning: (near initialization for 'zoneinfomodule_slots[1]') [enabled by default]\n    lib/zoneinfo_module.c:2712:5: warning: excess elements in scalar initializer [enabled by default]\n    lib/zoneinfo_module.c:2712:5: warning: (near initialization for 'zoneinfomodule_slots[1]') [enabled by default]\n    lib/zoneinfo_module.c:2720:5: error: unknown field 'm_slots' specified in initializer\n         .m_slots = zoneinfomodule_slots,\n         ^\n    lib/zoneinfo_module.c:2720:5: warning: initialization from incompatible pointer type [enabled by default]\n    lib/zoneinfo_module.c:2720:5: warning: (near initialization for 'zoneinfomodule.m_reload') [enabled by default]\n    lib/zoneinfo_module.c: In function 'PyInit__czoneinfo':\n    lib/zoneinfo_module.c:2726:5: warning: implicit declaration of function 'PyModuleDef_Init' [-Wimplicit-function-declaration]\n         return PyModuleDef_Init(&zoneinfomodule);\n         ^\n    lib/zoneinfo_module.c:2726:5: warning: return makes pointer from integer without a cast [enabled by default]\n    error: command 'x86_64-linux-gnu-gcc' failed with exit status 1\n    Complete output from command /home/vagrant/ansible_test/venv/bin/python3 -c \"import setuptools, tokenize;__file__='/home/vagrant/ansible_test/venv/build/backports.zoneinfo/setup.py';exec(compile(getattr(tokenize, 'open', open)(__file__).read().replace('\\r\\n', '\\n'), __file__, 'exec'))\" install --record /tmp/pip-g3al2q7w-record/install-record.txt --single-version-externally-managed --compile --install-headers /home/vagrant/ansible_test/venv/include/site/python3.4:\n    running install\n\nrunning build\n\nrunning build_ext\n\nbuilding 'backports.zoneinfo._czoneinfo' extension\n\ncreating build\n\ncreating build/temp.linux-x86_64-3.4\n\ncreating build/temp.linux-x86_64-3.4/lib\n\nx86_64-linux-gnu-gcc -pthread -DNDEBUG -g -fwrapv -O2 -Wall -Wstrict-prototypes -g -fstack-protector --param=ssp-buffer-size=4 -Wformat -Werror=format-security -D_FORTIFY_SOURCE=2 -fPIC -I/usr/include/python3.4m -I/home/vagrant/ansible_test/venv/include/python3.4m -c lib/zoneinfo_module.c -o build/temp.linux-x86_64-3.4/lib/zoneinfo_module.o -std=c99\n\nlib/zoneinfo_module.c: In function 'zoneinfo_fromutc':\n\nlib/zoneinfo_module.c:588:41: error: 'PyDateTime_DateTime' has no member named 'fold'\n\n             ((PyDateTime_DateTime *)tmp)->fold = 1;\n\n                                         ^\n\nlib/zoneinfo_module.c: In function 'load_data':\n\nlib/zoneinfo_module.c:1003:5: warning: implicit declaration of function 'PyMem_Calloc' [-Wimplicit-function-declaration]\n\n     dstoff = PyMem_Calloc(self->num_ttinfos, sizeof(long));\n\n     ^\n\nlib/zoneinfo_module.c:1003:12: warning: assignment makes pointer from integer without a cast [enabled by default]\n\n     dstoff = PyMem_Calloc(self->num_ttinfos, sizeof(long));\n\n            ^\n\nlib/zoneinfo_module.c:1033:25: warning: assignment makes pointer from integer without a cast [enabled by default]\n\n     self->trans_ttinfos =\n\n                         ^\n\nlib/zoneinfo_module.c: In function 'parse_transition_rule':\n\nlib/zoneinfo_module.c:1810:28: warning: initialization makes pointer from integer without a cast [enabled by default]\n\n         CalendarRule *rv = PyMem_Calloc(1, sizeof(CalendarRule));\n\n                            ^\n\nlib/zoneinfo_module.c:1852:23: warning: initialization makes pointer from integer without a cast [enabled by default]\n\n         DayRule *rv = PyMem_Calloc(1, sizeof(DayRule));\n\n                       ^\n\nlib/zoneinfo_module.c: In function 'find_ttinfo':\n\nlib/zoneinfo_module.c:2170:5: warning: implicit declaration of function 'PyDateTime_DATE_GET_FOLD' [-Wimplicit-function-declaration]\n\n     unsigned char fold = PyDateTime_DATE_GET_FOLD(dt);\n\n     ^\n\nlib/zoneinfo_module.c: At top level:\n\nlib/zoneinfo_module.c:2502:1: warning: function declaration isn't a prototype [-Wstrict-prototypes]\n\n new_weak_cache()\n\n ^\n\nlib/zoneinfo_module.c:2516:1: warning: function declaration isn't a prototype [-Wstrict-prototypes]\n\n initialize_caches()\n\n ^\n\nlib/zoneinfo_module.c:2618:1: warning: function declaration isn't a prototype [-Wstrict-prototypes]\n\n module_free()\n\n ^\n\nlib/zoneinfo_module.c:2711:1: error: unknown type name 'PyModuleDef_Slot'\n\n static PyModuleDef_Slot zoneinfomodule_slots[] = {\n\n ^\n\nlib/zoneinfo_module.c:2712:5: warning: braces around scalar initializer [enabled by default]\n\n     {Py_mod_exec, zoneinfomodule_exec}, {0, NULL}};\n\n     ^\n\nlib/zoneinfo_module.c:2712:5: warning: (near initialization for 'zoneinfomodule_slots[0]') [enabled by default]\n\nlib/zoneinfo_module.c:2712:6: error: 'Py_mod_exec' undeclared here (not in a function)\n\n     {Py_mod_exec, zoneinfomodule_exec}, {0, NULL}};\n\n      ^\n\nlib/zoneinfo_module.c:2712:5: warning: excess elements in scalar initializer [enabled by default]\n\n     {Py_mod_exec, zoneinfomodule_exec}, {0, NULL}};\n\n     ^\n\nlib/zoneinfo_module.c:2712:5: warning: (near initialization for 'zoneinfomodule_slots[0]') [enabled by default]\n\nlib/zoneinfo_module.c:2712:5: warning: braces around scalar initializer [enabled by default]\n\nlib/zoneinfo_module.c:2712:5: warning: (near initialization for 'zoneinfomodule_slots[1]') [enabled by default]\n\nlib/zoneinfo_module.c:2712:5: warning: excess elements in scalar initializer [enabled by default]\n\nlib/zoneinfo_module.c:2712:5: warning: (near initialization for 'zoneinfomodule_slots[1]') [enabled by default]\n\nlib/zoneinfo_module.c:2720:5: error: unknown field 'm_slots' specified in initializer\n\n     .m_slots = zoneinfomodule_slots,\n\n     ^\n\nlib/zoneinfo_module.c:2720:5: warning: initialization from incompatible pointer type [enabled by default]\n\nlib/zoneinfo_module.c:2720:5: warning: (near initialization for 'zoneinfomodule.m_reload') [enabled by default]\n\nlib/zoneinfo_module.c: In function 'PyInit__czoneinfo':\n\nlib/zoneinfo_module.c:2726:5: warning: implicit declaration of function 'PyModuleDef_Init' [-Wimplicit-function-declaration]\n\n     return PyModuleDef_Init(&zoneinfomodule);\n\n     ^\n\nlib/zoneinfo_module.c:2726:5: warning: return makes pointer from integer without a cast [enabled by default]\n\nerror: command 'x86_64-linux-gnu-gcc' failed with exit status 1\n\n----------------------------------------\nCleaning up...\nCommand /home/vagrant/ansible_test/venv/bin/python3 -c \"import setuptools, tokenize;__file__='/home/vagrant/ansible_test/venv/build/backports.zoneinfo/setup.py';exec(compile(getattr(tokenize, 'open', open)(__file__).read().replace('\\r\\n', '\\n'), __file__, 'exec'))\" install --record /tmp/pip-g3al2q7w-record/install-record.txt --single-version-externally-managed --compile --install-headers /home/vagrant/ansible_test/venv/include/site/python3.4 failed with error code 1 in /home/vagrant/ansible_test/venv/build/backports.zoneinfo\nStoring debug log for failure in /root/.pip/pip.log\n"}
